# JRE version: OpenJDK Runtime Environment Temurin-17.0.11+9 (17.0.11+9) (build 17.0.11+9)
# Java VM: OpenJDK 64-Bit Server VM Temurin-17.0.11+9 (17.0.11+9, mixed mode, tiered, compressed oops, compressed class ptrs, parallel gc, windows-amd64)
GC Precious Log:
 CPUs: 8 total, 8 available
 Memory: 7937M
 Large Page Support: Disabled
 NUMA Support: Disabled
 Compressed Oops: Enabled (32-bit)
 Alignments: Space 512K, Generation 512K, Heap 2M
 Heap Min Capacity: 100M
 Heap Initial Capacity: 100M
 Heap Max Capacity: 1G
 Pre-touch: Disabled
 Parallel Workers: 8
Heap:
 PSYoungGen      total 26112K, used 7009K [0x00000000eab00000, 0x00000000ed200000, 0x0000000100000000)
  eden space 13824K, 50% used [0x00000000eab00000,0x00000000eb1d84a0,0x00000000eb880000)
  from space 12288K, 0% used [0x00000000eb880000,0x00000000eb880000,0x00000000ec480000)
  to   space 12288K, 0% used [0x00000000ec600000,0x00000000ec600000,0x00000000ed200000)
 ParOldGen       total 79872K, used 68091K [0x00000000c0000000, 0x00000000c4e00000, 0x00000000eab00000)
  object space 79872K, 85% used [0x00000000c0000000,0x00000000c427ee88,0x00000000c4e00000)
 Metaspace       used 64782K, committed 65856K, reserved 1114112K
  class space    used 6949K, committed 7360K, reserved 1048576K
GC Heap History (20 events):
Event: 7.656 GC heap before
{Heap before GC invocations=29 (full 2):
 PSYoungGen      total 22528K, used 15966K [0x00000000eab00000, 0x00000000ec580000, 0x0000000100000000)
  eden space 22016K, 71% used [0x00000000eab00000,0x00000000eba67808,0x00000000ec080000)
  from space 512K, 37% used [0x00000000ec500000,0x00000000ec530000,0x00000000ec580000)
  to   space 512K, 0% used [0x00000000ec480000,0x00000000ec480000,0x00000000ec500000)
 ParOldGen       total 68608K, used 33079K [0x00000000c0000000, 0x00000000c4300000, 0x00000000eab00000)
  object space 68608K, 48% used [0x00000000c0000000,0x00000000c204de90,0x00000000c4300000)
 Metaspace       used 58718K, committed 59776K, reserved 1114112K
  class space    used 6323K, committed 6784K, reserved 1048576K
}
Event: 7.658 GC heap after
{Heap after GC invocations=29 (full 2):
 PSYoungGen      total 22528K, used 509K [0x00000000eab00000, 0x00000000ec580000, 0x0000000100000000)
  eden space 22016K, 0% used [0x00000000eab00000,0x00000000eab00000,0x00000000ec080000)
  from space 512K, 99% used [0x00000000ec480000,0x00000000ec4ff5b0,0x00000000ec500000)
  to   space 512K, 0% used [0x00000000ec500000,0x00000000ec500000,0x00000000ec580000)
 ParOldGen       total 68608K, used 33281K [0x00000000c0000000, 0x00000000c4300000, 0x00000000eab00000)
  object space 68608K, 48% used [0x00000000c0000000,0x00000000c2080570,0x00000000c4300000)
 Metaspace       used 58718K, committed 59776K, reserved 1114112K
  class space    used 6323K, committed 6784K, reserved 1048576K
}
Event: 7.658 GC heap before
{Heap before GC invocations=30 (full 3):
 PSYoungGen      total 22528K, used 509K [0x00000000eab00000, 0x00000000ec580000, 0x0000000100000000)
  eden space 22016K, 0% used [0x00000000eab00000,0x00000000eab00000,0x00000000ec080000)
  from space 512K, 99% used [0x00000000ec480000,0x00000000ec4ff5b0,0x00000000ec500000)
  to   space 512K, 0% used [0x00000000ec500000,0x00000000ec500000,0x00000000ec580000)
 ParOldGen       total 68608K, used 33281K [0x00000000c0000000, 0x00000000c4300000, 0x00000000eab00000)
  object space 68608K, 48% used [0x00000000c0000000,0x00000000c2080570,0x00000000c4300000)
 Metaspace       used 58718K, committed 59776K, reserved 1114112K
  class space    used 6323K, committed 6784K, reserved 1048576K
}
Event: 7.703 GC heap after
{Heap after GC invocations=30 (full 3):
 PSYoungGen      total 22528K, used 0K [0x00000000eab00000, 0x00000000ec580000, 0x0000000100000000)
  eden space 22016K, 0% used [0x00000000eab00000,0x00000000eab00000,0x00000000ec080000)
  from space 512K, 0% used [0x00000000ec480000,0x00000000ec480000,0x00000000ec500000)
  to   space 512K, 0% used [0x00000000ec500000,0x00000000ec500000,0x00000000ec580000)
 ParOldGen       total 68608K, used 28067K [0x00000000c0000000, 0x00000000c4300000, 0x00000000eab00000)
  object space 68608K, 40% used [0x00000000c0000000,0x00000000c1b68e20,0x00000000c4300000)
 Metaspace       used 58718K, committed 59776K, reserved 1114112K
  class space    used 6323K, committed 6784K, reserved 1048576K
}
Event: 8.072 GC heap before
{Heap before GC invocations=31 (full 3):
 PSYoungGen      total 22528K, used 22016K [0x00000000eab00000, 0x00000000ec580000, 0x0000000100000000)
  eden space 22016K, 100% used [0x00000000eab00000,0x00000000ec080000,0x00000000ec080000)
  from space 512K, 0% used [0x00000000ec480000,0x00000000ec480000,0x00000000ec500000)
  to   space 512K, 0% used [0x00000000ec500000,0x00000000ec500000,0x00000000ec580000)
 ParOldGen       total 68608K, used 28067K [0x00000000c0000000, 0x00000000c4300000, 0x00000000eab00000)
  object space 68608K, 40% used [0x00000000c0000000,0x00000000c1b68e20,0x00000000c4300000)
 Metaspace       used 61711K, committed 62784K, reserved 1114112K
  class space    used 6625K, committed 7104K, reserved 1048576K
}
Event: 8.073 GC heap after
{Heap after GC invocations=31 (full 3):
 PSYoungGen      total 22528K, used 512K [0x00000000eab00000, 0x00000000ec580000, 0x0000000100000000)
  eden space 22016K, 0% used [0x00000000eab00000,0x00000000eab00000,0x00000000ec080000)
  from space 512K, 100% used [0x00000000ec500000,0x00000000ec580000,0x00000000ec580000)
  to   space 1024K, 0% used [0x00000000ec380000,0x00000000ec380000,0x00000000ec480000)
 ParOldGen       total 68608K, used 28275K [0x00000000c0000000, 0x00000000c4300000, 0x00000000eab00000)
  object space 68608K, 41% used [0x00000000c0000000,0x00000000c1b9ce30,0x00000000c4300000)
 Metaspace       used 61711K, committed 62784K, reserved 1114112K
  class space    used 6625K, committed 7104K, reserved 1048576K
}
Event: 8.261 GC heap before
{Heap before GC invocations=32 (full 3):
 PSYoungGen      total 22528K, used 20829K [0x00000000eab00000, 0x00000000ec580000, 0x0000000100000000)
  eden space 22016K, 92% used [0x00000000eab00000,0x00000000ebed76f0,0x00000000ec080000)
  from space 512K, 100% used [0x00000000ec500000,0x00000000ec580000,0x00000000ec580000)
  to   space 1024K, 0% used [0x00000000ec380000,0x00000000ec380000,0x00000000ec480000)
 ParOldGen       total 68608K, used 28275K [0x00000000c0000000, 0x00000000c4300000, 0x00000000eab00000)
  object space 68608K, 41% used [0x00000000c0000000,0x00000000c1b9ce30,0x00000000c4300000)
 Metaspace       used 63305K, committed 64384K, reserved 1114112K
  class space    used 6804K, committed 7232K, reserved 1048576K
}
Event: 8.263 GC heap after
{Heap after GC invocations=32 (full 3):
 PSYoungGen      total 23040K, used 704K [0x00000000eab00000, 0x00000000ec580000, 0x0000000100000000)
  eden space 22016K, 0% used [0x00000000eab00000,0x00000000eab00000,0x00000000ec080000)
  from space 1024K, 68% used [0x00000000ec380000,0x00000000ec430000,0x00000000ec480000)
  to   space 1024K, 0% used [0x00000000ec480000,0x00000000ec480000,0x00000000ec580000)
 ParOldGen       total 68608K, used 33298K [0x00000000c0000000, 0x00000000c4300000, 0x00000000eab00000)
  object space 68608K, 48% used [0x00000000c0000000,0x00000000c2084b28,0x00000000c4300000)
 Metaspace       used 63305K, committed 64384K, reserved 1114112K
  class space    used 6804K, committed 7232K, reserved 1048576K
}
Event: 8.346 GC heap before
{Heap before GC invocations=33 (full 3):
 PSYoungGen      total 23040K, used 22720K [0x00000000eab00000, 0x00000000ec580000, 0x0000000100000000)
  eden space 22016K, 100% used [0x00000000eab00000,0x00000000ec080000,0x00000000ec080000)
  from space 1024K, 68% used [0x00000000ec380000,0x00000000ec430000,0x00000000ec480000)
  to   space 1024K, 0% used [0x00000000ec480000,0x00000000ec480000,0x00000000ec580000)
 ParOldGen       total 79872K, used 70637K [0x00000000c0000000, 0x00000000c4e00000, 0x00000000eab00000)
  object space 79872K, 88% used [0x00000000c0000000,0x00000000c44fb678,0x00000000c4e00000)
 Metaspace       used 63312K, committed 64384K, reserved 1114112K
  class space    used 6805K, committed 7232K, reserved 1048576K
}
Event: 8.350 GC heap after
{Heap after GC invocations=33 (full 3):
 PSYoungGen      total 17920K, used 1024K [0x00000000eab00000, 0x00000000ed280000, 0x0000000100000000)
  eden space 16896K, 0% used [0x00000000eab00000,0x00000000eab00000,0x00000000ebb80000)
  from space 1024K, 100% used [0x00000000ec480000,0x00000000ec580000,0x00000000ec580000)
  to   space 9216K, 0% used [0x00000000ebb80000,0x00000000ebb80000,0x00000000ec480000)
 ParOldGen       total 79872K, used 77424K [0x00000000c0000000, 0x00000000c4e00000, 0x00000000eab00000)
  object space 79872K, 96% used [0x00000000c0000000,0x00000000c4b9c028,0x00000000c4e00000)
 Metaspace       used 63312K, committed 64384K, reserved 1114112K
  class space    used 6805K, committed 7232K, reserved 1048576K
}
Event: 8.350 GC heap before
{Heap before GC invocations=34 (full 4):
 PSYoungGen      total 17920K, used 1024K [0x00000000eab00000, 0x00000000ed280000, 0x0000000100000000)
  eden space 16896K, 0% used [0x00000000eab00000,0x00000000eab00000,0x00000000ebb80000)
  from space 1024K, 100% used [0x00000000ec480000,0x00000000ec580000,0x00000000ec580000)
  to   space 9216K, 0% used [0x00000000ebb80000,0x00000000ebb80000,0x00000000ec480000)
 ParOldGen       total 79872K, used 77424K [0x00000000c0000000, 0x00000000c4e00000, 0x00000000eab00000)
  object space 79872K, 96% used [0x00000000c0000000,0x00000000c4b9c028,0x00000000c4e00000)
 Metaspace       used 63312K, committed 64384K, reserved 1114112K
  class space    used 6805K, committed 7232K, reserved 1048576K
}
Event: 8.384 GC heap after
{Heap after GC invocations=34 (full 4):
 PSYoungGen      total 26112K, used 0K [0x00000000eab00000, 0x00000000ecd80000, 0x0000000100000000)
  eden space 16896K, 0% used [0x00000000eab00000,0x00000000eab00000,0x00000000ebb80000)
  from space 9216K, 0% used [0x00000000ebb80000,0x00000000ebb80000,0x00000000ec480000)
  to   space 9216K, 0% used [0x00000000ec480000,0x00000000ec480000,0x00000000ecd80000)
 ParOldGen       total 79872K, used 48583K [0x00000000c0000000, 0x00000000c4e00000, 0x00000000eab00000)
  object space 79872K, 60% used [0x00000000c0000000,0x00000000c2f71f78,0x00000000c4e00000)
 Metaspace       used 63312K, committed 64384K, reserved 1114112K
  class space    used 6805K, committed 7232K, reserved 1048576K
}
Event: 8.415 GC heap before
{Heap before GC invocations=35 (full 4):
 PSYoungGen      total 26112K, used 16896K [0x00000000eab00000, 0x00000000ecd80000, 0x0000000100000000)
  eden space 16896K, 100% used [0x00000000eab00000,0x00000000ebb80000,0x00000000ebb80000)
  from space 9216K, 0% used [0x00000000ebb80000,0x00000000ebb80000,0x00000000ec480000)
  to   space 9216K, 0% used [0x00000000ec480000,0x00000000ec480000,0x00000000ecd80000)
 ParOldGen       total 79872K, used 48583K [0x00000000c0000000, 0x00000000c4e00000, 0x00000000eab00000)
  object space 79872K, 60% used [0x00000000c0000000,0x00000000c2f71f78,0x00000000c4e00000)
 Metaspace       used 63312K, committed 64384K, reserved 1114112K
  class space    used 6805K, committed 7232K, reserved 1048576K
}
Event: 8.421 GC heap after
{Heap after GC invocations=35 (full 4):
 PSYoungGen      total 26112K, used 9216K [0x00000000eab00000, 0x00000000ecd80000, 0x0000000100000000)
  eden space 16896K, 0% used [0x00000000eab00000,0x00000000eab00000,0x00000000ebb80000)
  from space 9216K, 100% used [0x00000000ec480000,0x00000000ecd80000,0x00000000ecd80000)
  to   space 9216K, 0% used [0x00000000ebb80000,0x00000000ebb80000,0x00000000ec480000)
 ParOldGen       total 79872K, used 52223K [0x00000000c0000000, 0x00000000c4e00000, 0x00000000eab00000)
  object space 79872K, 65% used [0x00000000c0000000,0x00000000c32fff78,0x00000000c4e00000)
 Metaspace       used 63312K, committed 64384K, reserved 1114112K
  class space    used 6805K, committed 7232K, reserved 1048576K
}
Event: 8.444 GC heap before
{Heap before GC invocations=36 (full 4):
 PSYoungGen      total 26112K, used 26112K [0x00000000eab00000, 0x00000000ecd80000, 0x0000000100000000)
  eden space 16896K, 100% used [0x00000000eab00000,0x00000000ebb80000,0x00000000ebb80000)
  from space 9216K, 100% used [0x00000000ec480000,0x00000000ecd80000,0x00000000ecd80000)
  to   space 9216K, 0% used [0x00000000ebb80000,0x00000000ebb80000,0x00000000ec480000)
 ParOldGen       total 79872K, used 52223K [0x00000000c0000000, 0x00000000c4e00000, 0x00000000eab00000)
  object space 79872K, 65% used [0x00000000c0000000,0x00000000c32fff78,0x00000000c4e00000)
 Metaspace       used 63312K, committed 64384K, reserved 1114112K
  class space    used 6805K, committed 7232K, reserved 1048576K
}
Event: 8.452 GC heap after
{Heap after GC invocations=36 (full 4):
 PSYoungGen      total 26112K, used 9216K [0x00000000eab00000, 0x00000000ecd80000, 0x0000000100000000)
  eden space 16896K, 0% used [0x00000000eab00000,0x00000000eab00000,0x00000000ebb80000)
  from space 9216K, 100% used [0x00000000ebb80000,0x00000000ec480000,0x00000000ec480000)
  to   space 9216K, 0% used [0x00000000ec480000,0x00000000ec480000,0x00000000ecd80000)
 ParOldGen       total 79872K, used 65167K [0x00000000c0000000, 0x00000000c4e00000, 0x00000000eab00000)
  object space 79872K, 81% used [0x00000000c0000000,0x00000000c3fa3f78,0x00000000c4e00000)
 Metaspace       used 63312K, committed 64384K, reserved 1114112K
  class space    used 6805K, committed 7232K, reserved 1048576K
}
Event: 8.550 GC heap before
{Heap before GC invocations=37 (full 4):
 PSYoungGen      total 26112K, used 26098K [0x00000000eab00000, 0x00000000ecd80000, 0x0000000100000000)
  eden space 16896K, 99% used [0x00000000eab00000,0x00000000ebb7c918,0x00000000ebb80000)
  from space 9216K, 100% used [0x00000000ebb80000,0x00000000ec480000,0x00000000ec480000)
  to   space 9216K, 0% used [0x00000000ec480000,0x00000000ec480000,0x00000000ecd80000)
 ParOldGen       total 79872K, used 65167K [0x00000000c0000000, 0x00000000c4e00000, 0x00000000eab00000)
  object space 79872K, 81% used [0x00000000c0000000,0x00000000c3fa3f78,0x00000000c4e00000)
 Metaspace       used 64292K, committed 65408K, reserved 1114112K
  class space    used 6891K, committed 7360K, reserved 1048576K
}
Event: 8.556 GC heap after
{Heap after GC invocations=37 (full 4):
 PSYoungGen      total 23040K, used 6392K [0x00000000eab00000, 0x00000000ed380000, 0x0000000100000000)
  eden space 13824K, 0% used [0x00000000eab00000,0x00000000eab00000,0x00000000eb880000)
  from space 9216K, 69% used [0x00000000ec480000,0x00000000ecabe300,0x00000000ecd80000)
  to   space 12288K, 0% used [0x00000000eb880000,0x00000000eb880000,0x00000000ec480000)
 ParOldGen       total 79872K, used 74439K [0x00000000c0000000, 0x00000000c4e00000, 0x00000000eab00000)
  object space 79872K, 93% used [0x00000000c0000000,0x00000000c48b1f78,0x00000000c4e00000)
 Metaspace       used 64292K, committed 65408K, reserved 1114112K
  class space    used 6891K, committed 7360K, reserved 1048576K
}
Event: 8.556 GC heap before
{Heap before GC invocations=38 (full 5):
 PSYoungGen      total 23040K, used 6392K [0x00000000eab00000, 0x00000000ed380000, 0x0000000100000000)
  eden space 13824K, 0% used [0x00000000eab00000,0x00000000eab00000,0x00000000eb880000)
  from space 9216K, 69% used [0x00000000ec480000,0x00000000ecabe300,0x00000000ecd80000)
  to   space 12288K, 0% used [0x00000000eb880000,0x00000000eb880000,0x00000000ec480000)
 ParOldGen       total 79872K, used 74439K [0x00000000c0000000, 0x00000000c4e00000, 0x00000000eab00000)
  object space 79872K, 93% used [0x00000000c0000000,0x00000000c48b1f78,0x00000000c4e00000)
 Metaspace       used 64292K, committed 65408K, reserved 1114112K
  class space    used 6891K, committed 7360K, reserved 1048576K
}
Event: 8.601 GC heap after
{Heap after GC invocations=38 (full 5):
 PSYoungGen      total 26112K, used 0K [0x00000000eab00000, 0x00000000ed200000, 0x0000000100000000)
  eden space 13824K, 0% used [0x00000000eab00000,0x00000000eab00000,0x00000000eb880000)
  from space 12288K, 0% used [0x00000000eb880000,0x00000000eb880000,0x00000000ec480000)
  to   space 12288K, 0% used [0x00000000ec600000,0x00000000ec600000,0x00000000ed200000)
 ParOldGen       total 79872K, used 68091K [0x00000000c0000000, 0x00000000c4e00000, 0x00000000eab00000)
  object space 79872K, 85% used [0x00000000c0000000,0x00000000c427ee88,0x00000000c4e00000)
 Metaspace       used 64292K, committed 65408K, reserved 1114112K
  class space    used 6891K, committed 7360K, reserved 1048576K
}

